  robotani01.cpp
  robotani02.cpp
D:\SCHOOL\24-3-2\opengl\Robotani\robotani02.cpp(105,23): warning C4305: '인수': 'double'에서 'GLfloat'(으)로 잘립니다.
D:\SCHOOL\24-3-2\opengl\Robotani\robotani02.cpp(105,18): warning C4305: '인수': 'double'에서 'GLfloat'(으)로 잘립니다.
D:\SCHOOL\24-3-2\opengl\Robotani\robotani02.cpp(105,13): warning C4305: '인수': 'double'에서 'GLfloat'(으)로 잘립니다.
D:\SCHOOL\24-3-2\opengl\Robotani\robotani02.cpp(113,23): warning C4305: '인수': 'double'에서 'GLfloat'(으)로 잘립니다.
D:\SCHOOL\24-3-2\opengl\Robotani\robotani02.cpp(113,18): warning C4305: '인수': 'double'에서 'GLfloat'(으)로 잘립니다.
D:\SCHOOL\24-3-2\opengl\Robotani\robotani02.cpp(113,13): warning C4305: '인수': 'double'에서 'GLfloat'(으)로 잘립니다.
D:\SCHOOL\24-3-2\opengl\Robotani\robotani02.cpp(117,23): warning C4305: '인수': 'double'에서 'GLfloat'(으)로 잘립니다.
D:\SCHOOL\24-3-2\opengl\Robotani\robotani02.cpp(117,18): warning C4305: '인수': 'double'에서 'GLfloat'(으)로 잘립니다.
D:\SCHOOL\24-3-2\opengl\Robotani\robotani02.cpp(117,13): warning C4305: '인수': 'double'에서 'GLfloat'(으)로 잘립니다.
D:\SCHOOL\24-3-2\opengl\Robotani\robotani02.cpp(131,21): warning C4244: '인수': 'int'에서 'GLfloat'(으)로 변환하면서 데이터가 손실될 수 있습니다.
D:\SCHOOL\24-3-2\opengl\Robotani\robotani02.cpp(131,18): warning C4244: '인수': 'int'에서 'GLfloat'(으)로 변환하면서 데이터가 손실될 수 있습니다.
D:\SCHOOL\24-3-2\opengl\Robotani\robotani02.cpp(131,15): warning C4244: '인수': 'int'에서 'GLfloat'(으)로 변환하면서 데이터가 손실될 수 있습니다.
D:\SCHOOL\24-3-2\opengl\Robotani\robotani02.cpp(131,12): warning C4244: '인수': 'int'에서 'GLfloat'(으)로 변환하면서 데이터가 손실될 수 있습니다.
D:\SCHOOL\24-3-2\opengl\Robotani\robotani02.cpp(145,25): warning C4305: '인수': 'double'에서 'GLfloat'(으)로 잘립니다.
D:\SCHOOL\24-3-2\opengl\Robotani\robotani02.cpp(146,21): warning C4244: '인수': 'int'에서 'GLfloat'(으)로 변환하면서 데이터가 손실될 수 있습니다.
D:\SCHOOL\24-3-2\opengl\Robotani\robotani02.cpp(146,18): warning C4244: '인수': 'int'에서 'GLfloat'(으)로 변환하면서 데이터가 손실될 수 있습니다.
D:\SCHOOL\24-3-2\opengl\Robotani\robotani02.cpp(146,15): warning C4244: '인수': 'int'에서 'GLfloat'(으)로 변환하면서 데이터가 손실될 수 있습니다.
D:\SCHOOL\24-3-2\opengl\Robotani\robotani02.cpp(146,12): warning C4244: '인수': 'int'에서 'GLfloat'(으)로 변환하면서 데이터가 손실될 수 있습니다.
D:\SCHOOL\24-3-2\opengl\Robotani\robotani02.cpp(178,21): warning C4244: '인수': 'int'에서 'GLfloat'(으)로 변환하면서 데이터가 손실될 수 있습니다.
D:\SCHOOL\24-3-2\opengl\Robotani\robotani02.cpp(178,18): warning C4244: '인수': 'int'에서 'GLfloat'(으)로 변환하면서 데이터가 손실될 수 있습니다.
D:\SCHOOL\24-3-2\opengl\Robotani\robotani02.cpp(178,15): warning C4244: '인수': 'int'에서 'GLfloat'(으)로 변환하면서 데이터가 손실될 수 있습니다.
D:\SCHOOL\24-3-2\opengl\Robotani\robotani02.cpp(178,12): warning C4244: '인수': 'int'에서 'GLfloat'(으)로 변환하면서 데이터가 손실될 수 있습니다.
D:\SCHOOL\24-3-2\opengl\Robotani\robotani02.cpp(192,25): warning C4305: '인수': 'double'에서 'GLfloat'(으)로 잘립니다.
D:\SCHOOL\24-3-2\opengl\Robotani\robotani02.cpp(193,21): warning C4244: '인수': 'int'에서 'GLfloat'(으)로 변환하면서 데이터가 손실될 수 있습니다.
D:\SCHOOL\24-3-2\opengl\Robotani\robotani02.cpp(193,18): warning C4244: '인수': 'int'에서 'GLfloat'(으)로 변환하면서 데이터가 손실될 수 있습니다.
D:\SCHOOL\24-3-2\opengl\Robotani\robotani02.cpp(193,15): warning C4244: '인수': 'int'에서 'GLfloat'(으)로 변환하면서 데이터가 손실될 수 있습니다.
D:\SCHOOL\24-3-2\opengl\Robotani\robotani02.cpp(193,12): warning C4244: '인수': 'int'에서 'GLfloat'(으)로 변환하면서 데이터가 손실될 수 있습니다.
D:\SCHOOL\24-3-2\opengl\Robotani\robotani02.cpp(226,21): warning C4244: '인수': 'int'에서 'GLfloat'(으)로 변환하면서 데이터가 손실될 수 있습니다.
D:\SCHOOL\24-3-2\opengl\Robotani\robotani02.cpp(226,18): warning C4244: '인수': 'int'에서 'GLfloat'(으)로 변환하면서 데이터가 손실될 수 있습니다.
D:\SCHOOL\24-3-2\opengl\Robotani\robotani02.cpp(226,15): warning C4244: '인수': 'int'에서 'GLfloat'(으)로 변환하면서 데이터가 손실될 수 있습니다.
D:\SCHOOL\24-3-2\opengl\Robotani\robotani02.cpp(226,12): warning C4244: '인수': 'int'에서 'GLfloat'(으)로 변환하면서 데이터가 손실될 수 있습니다.
D:\SCHOOL\24-3-2\opengl\Robotani\robotani02.cpp(240,25): warning C4305: '인수': 'double'에서 'GLfloat'(으)로 잘립니다.
D:\SCHOOL\24-3-2\opengl\Robotani\robotani02.cpp(240,15): warning C4305: '인수': 'double'에서 'GLfloat'(으)로 잘립니다.
D:\SCHOOL\24-3-2\opengl\Robotani\robotani02.cpp(241,21): warning C4244: '인수': 'int'에서 'GLfloat'(으)로 변환하면서 데이터가 손실될 수 있습니다.
D:\SCHOOL\24-3-2\opengl\Robotani\robotani02.cpp(241,18): warning C4244: '인수': 'int'에서 'GLfloat'(으)로 변환하면서 데이터가 손실될 수 있습니다.
D:\SCHOOL\24-3-2\opengl\Robotani\robotani02.cpp(241,15): warning C4244: '인수': 'int'에서 'GLfloat'(으)로 변환하면서 데이터가 손실될 수 있습니다.
D:\SCHOOL\24-3-2\opengl\Robotani\robotani02.cpp(241,12): warning C4244: '인수': 'int'에서 'GLfloat'(으)로 변환하면서 데이터가 손실될 수 있습니다.
D:\SCHOOL\24-3-2\opengl\Robotani\robotani02.cpp(252,25): warning C4305: '인수': 'double'에서 'GLfloat'(으)로 잘립니다.
D:\SCHOOL\24-3-2\opengl\Robotani\robotani02.cpp(253,21): warning C4244: '인수': 'int'에서 'GLfloat'(으)로 변환하면서 데이터가 손실될 수 있습니다.
D:\SCHOOL\24-3-2\opengl\Robotani\robotani02.cpp(253,18): warning C4244: '인수': 'int'에서 'GLfloat'(으)로 변환하면서 데이터가 손실될 수 있습니다.
D:\SCHOOL\24-3-2\opengl\Robotani\robotani02.cpp(253,15): warning C4244: '인수': 'int'에서 'GLfloat'(으)로 변환하면서 데이터가 손실될 수 있습니다.
D:\SCHOOL\24-3-2\opengl\Robotani\robotani02.cpp(253,12): warning C4244: '인수': 'int'에서 'GLfloat'(으)로 변환하면서 데이터가 손실될 수 있습니다.
D:\SCHOOL\24-3-2\opengl\Robotani\robotani02.cpp(275,26): warning C4305: '인수': 'double'에서 'GLfloat'(으)로 잘립니다.
D:\SCHOOL\24-3-2\opengl\Robotani\robotani02.cpp(275,15): warning C4305: '인수': 'double'에서 'GLfloat'(으)로 잘립니다.
D:\SCHOOL\24-3-2\opengl\Robotani\robotani02.cpp(276,21): warning C4244: '인수': 'int'에서 'GLfloat'(으)로 변환하면서 데이터가 손실될 수 있습니다.
D:\SCHOOL\24-3-2\opengl\Robotani\robotani02.cpp(276,18): warning C4244: '인수': 'int'에서 'GLfloat'(으)로 변환하면서 데이터가 손실될 수 있습니다.
D:\SCHOOL\24-3-2\opengl\Robotani\robotani02.cpp(276,15): warning C4244: '인수': 'int'에서 'GLfloat'(으)로 변환하면서 데이터가 손실될 수 있습니다.
D:\SCHOOL\24-3-2\opengl\Robotani\robotani02.cpp(276,12): warning C4244: '인수': 'int'에서 'GLfloat'(으)로 변환하면서 데이터가 손실될 수 있습니다.
D:\SCHOOL\24-3-2\opengl\Robotani\robotani02.cpp(287,25): warning C4305: '인수': 'double'에서 'GLfloat'(으)로 잘립니다.
D:\SCHOOL\24-3-2\opengl\Robotani\robotani02.cpp(288,21): warning C4244: '인수': 'int'에서 'GLfloat'(으)로 변환하면서 데이터가 손실될 수 있습니다.
D:\SCHOOL\24-3-2\opengl\Robotani\robotani02.cpp(288,18): warning C4244: '인수': 'int'에서 'GLfloat'(으)로 변환하면서 데이터가 손실될 수 있습니다.
D:\SCHOOL\24-3-2\opengl\Robotani\robotani02.cpp(288,15): warning C4244: '인수': 'int'에서 'GLfloat'(으)로 변환하면서 데이터가 손실될 수 있습니다.
D:\SCHOOL\24-3-2\opengl\Robotani\robotani02.cpp(288,12): warning C4244: '인수': 'int'에서 'GLfloat'(으)로 변환하면서 데이터가 손실될 수 있습니다.
D:\SCHOOL\24-3-2\opengl\Robotani\robotani02.cpp(311,25): warning C4305: '인수': 'double'에서 'GLfloat'(으)로 잘립니다.
D:\SCHOOL\24-3-2\opengl\Robotani\robotani02.cpp(322,18): warning C4305: '인수': 'double'에서 'GLfloat'(으)로 잘립니다.
D:\SCHOOL\24-3-2\opengl\Robotani\robotani02.cpp(323,20): warning C4305: '인수': 'double'에서 'GLfloat'(으)로 잘립니다.
D:\SCHOOL\24-3-2\opengl\Robotani\robotani02.cpp(323,15): warning C4305: '인수': 'double'에서 'GLfloat'(으)로 잘립니다.
D:\SCHOOL\24-3-2\opengl\Robotani\robotani02.cpp(323,11): warning C4305: '인수': 'double'에서 'GLfloat'(으)로 잘립니다.
D:\SCHOOL\24-3-2\opengl\Robotani\robotani02.cpp(327,15): warning C4305: '인수': 'double'에서 'GLfloat'(으)로 잘립니다.
D:\SCHOOL\24-3-2\opengl\Robotani\robotani02.cpp(328,21): warning C4305: '인수': 'double'에서 'GLfloat'(으)로 잘립니다.
D:\SCHOOL\24-3-2\opengl\Robotani\robotani02.cpp(328,16): warning C4305: '인수': 'double'에서 'GLfloat'(으)로 잘립니다.
D:\SCHOOL\24-3-2\opengl\Robotani\robotani02.cpp(328,11): warning C4305: '인수': 'double'에서 'GLfloat'(으)로 잘립니다.
D:\SCHOOL\24-3-2\opengl\Robotani\robotani02.cpp(332,15): warning C4305: '인수': 'double'에서 'GLfloat'(으)로 잘립니다.
D:\SCHOOL\24-3-2\opengl\Robotani\robotani02.cpp(333,21): warning C4305: '인수': 'double'에서 'GLfloat'(으)로 잘립니다.
D:\SCHOOL\24-3-2\opengl\Robotani\robotani02.cpp(333,16): warning C4305: '인수': 'double'에서 'GLfloat'(으)로 잘립니다.
D:\SCHOOL\24-3-2\opengl\Robotani\robotani02.cpp(333,11): warning C4305: '인수': 'double'에서 'GLfloat'(으)로 잘립니다.
D:\SCHOOL\24-3-2\opengl\Robotani\robotani02.cpp(349,20): warning C4305: '인수': 'double'에서 'GLfloat'(으)로 잘립니다.
D:\SCHOOL\24-3-2\opengl\Robotani\robotani02.cpp(351,24): warning C4244: '인수': 'double'에서 'GLfloat'(으)로 변환하면서 데이터가 손실될 수 있습니다.
D:\SCHOOL\24-3-2\opengl\Robotani\robotani02.cpp(362,20): warning C4305: '인수': 'double'에서 'GLfloat'(으)로 잘립니다.
D:\SCHOOL\24-3-2\opengl\Robotani\robotani02.cpp(373,27): warning C4305: '인수': 'double'에서 'GLfloat'(으)로 잘립니다.
D:\SCHOOL\24-3-2\opengl\Robotani\robotani02.cpp(373,15): warning C4305: '인수': 'double'에서 'GLfloat'(으)로 잘립니다.
D:\SCHOOL\24-3-2\opengl\Robotani\robotani02.cpp(385,26): warning C4305: '인수': 'double'에서 'GLfloat'(으)로 잘립니다.
D:\SCHOOL\24-3-2\opengl\Robotani\robotani02.cpp(385,15): warning C4305: '인수': 'double'에서 'GLfloat'(으)로 잘립니다.
D:\SCHOOL\24-3-2\opengl\Robotani\robotani02.cpp(396,26): warning C4305: '인수': 'double'에서 'GLfloat'(으)로 잘립니다.
D:\SCHOOL\24-3-2\opengl\Robotani\robotani02.cpp(396,21): warning C4305: '인수': 'double'에서 'GLfloat'(으)로 잘립니다.
D:\SCHOOL\24-3-2\opengl\Robotani\robotani02.cpp(396,15): warning C4305: '인수': 'double'에서 'GLfloat'(으)로 잘립니다.
D:\SCHOOL\24-3-2\opengl\Robotani\robotani02.cpp(406,25): warning C4305: '인수': 'double'에서 'GLfloat'(으)로 잘립니다.
D:\SCHOOL\24-3-2\opengl\Robotani\robotani02.cpp(406,20): warning C4305: '인수': 'double'에서 'GLfloat'(으)로 잘립니다.
D:\SCHOOL\24-3-2\opengl\Robotani\robotani02.cpp(406,15): warning C4305: '인수': 'double'에서 'GLfloat'(으)로 잘립니다.
D:\SCHOOL\24-3-2\opengl\Robotani\robotani02.cpp(420,12): warning C4244: '인수': 'GLfloat'에서 'int'(으)로 변환하면서 데이터가 손실될 수 있습니다.
D:\SCHOOL\24-3-2\opengl\Robotani\robotani02.cpp(427,14): warning C4244: '인수': 'GLfloat'에서 'int'(으)로 변환하면서 데이터가 손실될 수 있습니다.
D:\SCHOOL\24-3-2\opengl\Robotani\robotani02.cpp(430,12): warning C4244: '인수': 'GLfloat'에서 'int'(으)로 변환하면서 데이터가 손실될 수 있습니다.
D:\SCHOOL\24-3-2\opengl\Robotani\robotani02.cpp(437,14): warning C4244: '인수': 'GLfloat'에서 'int'(으)로 변환하면서 데이터가 손실될 수 있습니다.
D:\SCHOOL\24-3-2\opengl\Robotani\robotani02.cpp(439,13): warning C4244: '인수': 'GLfloat'에서 'int'(으)로 변환하면서 데이터가 손실될 수 있습니다.
D:\SCHOOL\24-3-2\opengl\Robotani\robotani02.cpp(440,13): warning C4244: '인수': 'GLfloat'에서 'int'(으)로 변환하면서 데이터가 손실될 수 있습니다.
D:\SCHOOL\24-3-2\opengl\Robotani\robotani02.cpp(441,13): warning C4244: '인수': 'GLfloat'에서 'int'(으)로 변환하면서 데이터가 손실될 수 있습니다.
D:\SCHOOL\24-3-2\opengl\Robotani\robotani02.cpp(442,13): warning C4244: '인수': 'GLfloat'에서 'int'(으)로 변환하면서 데이터가 손실될 수 있습니다.
D:\SCHOOL\24-3-2\opengl\Robotani\robotani02.cpp(455,14): warning C4244: '=': 'double'에서 'float'(으)로 변환하면서 데이터가 손실될 수 있습니다.
D:\SCHOOL\24-3-2\opengl\Robotani\robotani02.cpp(473,51): warning C4244: '-=': 'double'에서 'GLfloat'(으)로 변환하면서 데이터가 손실될 수 있습니다.
D:\SCHOOL\24-3-2\opengl\Robotani\robotani02.cpp(486,15): warning C4305: '+=': 'double'에서 'GLfloat'(으)로 잘립니다.
D:\SCHOOL\24-3-2\opengl\Robotani\robotani02.cpp(805,20): warning C4305: '인수': 'double'에서 'GLfloat'(으)로 잘립니다.
D:\SCHOOL\24-3-2\opengl\Robotani\robotani02.cpp(807,34): warning C4305: '인수': 'double'에서 'GLfloat'(으)로 잘립니다.
D:\SCHOOL\24-3-2\opengl\Robotani\robotani02.cpp(807,21): warning C4244: '인수': 'double'에서 'GLfloat'(으)로 변환하면서 데이터가 손실될 수 있습니다.
D:\SCHOOL\24-3-2\opengl\Robotani\robotani02.cpp(814,20): warning C4305: '인수': 'double'에서 'GLfloat'(으)로 잘립니다.
D:\SCHOOL\24-3-2\opengl\Robotani\robotani02.cpp(816,15): warning C4305: '인수': 'double'에서 'GLfloat'(으)로 잘립니다.
D:\SCHOOL\24-3-2\opengl\Robotani\robotani02.cpp(846,22): warning C4244: '=': 'double'에서 'GLfloat'(으)로 변환하면서 데이터가 손실될 수 있습니다.
D:\SCHOOL\24-3-2\opengl\Robotani\robotani02.cpp(848,12): warning C4244: '=': 'double'에서 'GLfloat'(으)로 변환하면서 데이터가 손실될 수 있습니다.
D:\SCHOOL\24-3-2\opengl\Robotani\robotani02.cpp(849,12): warning C4244: '=': 'double'에서 'GLfloat'(으)로 변환하면서 데이터가 손실될 수 있습니다.
D:\SCHOOL\24-3-2\opengl\Robotani\robotani02.cpp(851,16): warning C4244: '=': 'double'에서 'GLfloat'(으)로 변환하면서 데이터가 손실될 수 있습니다.
D:\SCHOOL\24-3-2\opengl\Robotani\robotani02.cpp(852,16): warning C4244: '=': 'double'에서 'GLfloat'(으)로 변환하면서 데이터가 손실될 수 있습니다.
D:\SCHOOL\24-3-2\opengl\Robotani\robotani02.cpp(853,22): warning C4244: '=': 'double'에서 'GLfloat'(으)로 변환하면서 데이터가 손실될 수 있습니다.
D:\SCHOOL\24-3-2\opengl\Robotani\robotani02.cpp(865,16): warning C4244: '인수': 'double'에서 'GLfloat'(으)로 변환하면서 데이터가 손실될 수 있습니다.
D:\SCHOOL\24-3-2\opengl\Robotani\robotani02.cpp(866,22): warning C4244: '인수': 'double'에서 'GLfloat'(으)로 변환하면서 데이터가 손실될 수 있습니다.
D:\SCHOOL\24-3-2\opengl\Robotani\robotani02.cpp(869,10): warning C4244: '=': 'double'에서 'float'(으)로 변환하면서 데이터가 손실될 수 있습니다.
D:\SCHOOL\24-3-2\opengl\Robotani\robotani02.cpp(882,18): warning C4244: '=': 'double'에서 'GLfloat'(으)로 변환하면서 데이터가 손실될 수 있습니다.
D:\SCHOOL\24-3-2\opengl\Robotani\robotani02.cpp(884,12): warning C4244: '=': 'double'에서 'GLfloat'(으)로 변환하면서 데이터가 손실될 수 있습니다.
D:\SCHOOL\24-3-2\opengl\Robotani\robotani02.cpp(886,12): warning C4244: '=': 'double'에서 'GLfloat'(으)로 변환하면서 데이터가 손실될 수 있습니다.
D:\SCHOOL\24-3-2\opengl\Robotani\robotani02.cpp(887,16): warning C4244: '=': 'double'에서 'GLfloat'(으)로 변환하면서 데이터가 손실될 수 있습니다.
D:\SCHOOL\24-3-2\opengl\Robotani\robotani02.cpp(888,16): warning C4244: '=': 'double'에서 'GLfloat'(으)로 변환하면서 데이터가 손실될 수 있습니다.
D:\SCHOOL\24-3-2\opengl\Robotani\robotani02.cpp(889,22): warning C4244: '=': 'double'에서 'GLfloat'(으)로 변환하면서 데이터가 손실될 수 있습니다.
D:\SCHOOL\24-3-2\opengl\Robotani\robotani02.cpp(901,22): warning C4244: '인수': 'double'에서 'GLfloat'(으)로 변환하면서 데이터가 손실될 수 있습니다.
D:\SCHOOL\24-3-2\opengl\Robotani\robotani02.cpp(904,10): warning C4244: '=': 'double'에서 'float'(으)로 변환하면서 데이터가 손실될 수 있습니다.
D:\SCHOOL\24-3-2\opengl\Robotani\robotani02.cpp(917,18): warning C4244: '=': 'double'에서 'GLfloat'(으)로 변환하면서 데이터가 손실될 수 있습니다.
D:\SCHOOL\24-3-2\opengl\Robotani\robotani02.cpp(919,12): warning C4244: '=': 'double'에서 'GLfloat'(으)로 변환하면서 데이터가 손실될 수 있습니다.
D:\SCHOOL\24-3-2\opengl\Robotani\robotani02.cpp(921,12): warning C4244: '=': 'double'에서 'GLfloat'(으)로 변환하면서 데이터가 손실될 수 있습니다.
D:\SCHOOL\24-3-2\opengl\Robotani\robotani02.cpp(922,16): warning C4244: '=': 'double'에서 'GLfloat'(으)로 변환하면서 데이터가 손실될 수 있습니다.
D:\SCHOOL\24-3-2\opengl\Robotani\robotani02.cpp(923,16): warning C4244: '=': 'double'에서 'GLfloat'(으)로 변환하면서 데이터가 손실될 수 있습니다.
D:\SCHOOL\24-3-2\opengl\Robotani\robotani02.cpp(924,22): warning C4244: '=': 'double'에서 'GLfloat'(으)로 변환하면서 데이터가 손실될 수 있습니다.
D:\SCHOOL\24-3-2\opengl\Robotani\robotani02.cpp(935,12): warning C4244: '인수': 'double'에서 'GLfloat'(으)로 변환하면서 데이터가 손실될 수 있습니다.
D:\SCHOOL\24-3-2\opengl\Robotani\robotani02.cpp(936,55): warning C4244: '인수': 'double'에서 'GLfloat'(으)로 변환하면서 데이터가 손실될 수 있습니다.
D:\SCHOOL\24-3-2\opengl\Robotani\robotani02.cpp(936,35): warning C4244: '인수': 'double'에서 'GLfloat'(으)로 변환하면서 데이터가 손실될 수 있습니다.
D:\SCHOOL\24-3-2\opengl\Robotani\robotani02.cpp(936,15): warning C4244: '인수': 'double'에서 'GLfloat'(으)로 변환하면서 데이터가 손실될 수 있습니다.
  코드를 생성하고 있습니다...
  Robotani.vcxproj -> D:\SCHOOL\24-3-2\opengl\3Dshape\x64\Debug\Robotani.exe
